# JRE version: OpenJDK Runtime Environment Temurin-17.0.12+7 (17.0.12+7) (build 17.0.12+7)
# Java VM: OpenJDK 64-Bit Server VM Temurin-17.0.12+7 (17.0.12+7, mixed mode, emulated-client, tiered, compressed oops, compressed class ptrs, g1 gc, windows-amd64)
GC Precious Log:
 CPUs: 12 total, 12 available
 Memory: 16332M
 Large Page Support: Disabled
 NUMA Support: Disabled
 Compressed Oops: Enabled (32-bit)
 Heap Region Size: 1M
 Heap Min Capacity: 8M
 Heap Initial Capacity: 256M
 Heap Max Capacity: 1G
 Pre-touch: Disabled
 Parallel Workers: 10
 Concurrent Workers: 3
 Concurrent Refinement Workers: 10
 Periodic GC: Disabled
Heap:
 garbage-first heap   total 91136K, used 53331K [0x00000000c0000000, 0x0000000100000000)
  region size 1024K, 3 young (3072K), 3 survivors (3072K)
 Metaspace       used 60704K, committed 61376K, reserved 1114112K
  class space    used 7603K, committed 7872K, reserved 1048576K
GC Heap History (20 events):
Event: 3.345 GC heap after
{Heap after GC invocations=9 (full 0):
 garbage-first heap   total 91136K, used 31506K [0x00000000c0000000, 0x0000000100000000)
  region size 1024K, 3 young (3072K), 3 survivors (3072K)
 Metaspace       used 40844K, committed 41216K, reserved 1114112K
  class space    used 5200K, committed 5376K, reserved 1048576K
}
Event: 3.730 GC heap before
{Heap before GC invocations=9 (full 0):
 garbage-first heap   total 91136K, used 67346K [0x00000000c0000000, 0x0000000100000000)
  region size 1024K, 38 young (38912K), 3 survivors (3072K)
 Metaspace       used 45467K, committed 45888K, reserved 1114112K
  class space    used 5699K, committed 5888K, reserved 1048576K
}
Event: 3.733 GC heap after
{Heap after GC invocations=10 (full 0):
 garbage-first heap   total 91136K, used 38731K [0x00000000c0000000, 0x0000000100000000)
  region size 1024K, 5 young (5120K), 5 survivors (5120K)
 Metaspace       used 45467K, committed 45888K, reserved 1114112K
  class space    used 5699K, committed 5888K, reserved 1048576K
}
Event: 3.955 GC heap before
{Heap before GC invocations=10 (full 0):
 garbage-first heap   total 91136K, used 65355K [0x00000000c0000000, 0x0000000100000000)
  region size 1024K, 32 young (32768K), 5 survivors (5120K)
 Metaspace       used 49111K, committed 49536K, reserved 1114112K
  class space    used 6057K, committed 6272K, reserved 1048576K
}
Event: 3.957 GC heap after
{Heap after GC invocations=11 (full 0):
 garbage-first heap   total 91136K, used 41616K [0x00000000c0000000, 0x0000000100000000)
  region size 1024K, 3 young (3072K), 3 survivors (3072K)
 Metaspace       used 49111K, committed 49536K, reserved 1114112K
  class space    used 6057K, committed 6272K, reserved 1048576K
}
Event: 4.041 GC heap before
{Heap before GC invocations=11 (full 0):
 garbage-first heap   total 91136K, used 67216K [0x00000000c0000000, 0x0000000100000000)
  region size 1024K, 28 young (28672K), 3 survivors (3072K)
 Metaspace       used 51015K, committed 51456K, reserved 1114112K
  class space    used 6321K, committed 6528K, reserved 1048576K
}
Event: 4.044 GC heap after
{Heap after GC invocations=12 (full 0):
 garbage-first heap   total 91136K, used 44276K [0x00000000c0000000, 0x0000000100000000)
  region size 1024K, 3 young (3072K), 3 survivors (3072K)
 Metaspace       used 51015K, committed 51456K, reserved 1114112K
  class space    used 6321K, committed 6528K, reserved 1048576K
}
Event: 4.170 GC heap before
{Heap before GC invocations=12 (full 0):
 garbage-first heap   total 91136K, used 68852K [0x00000000c0000000, 0x0000000100000000)
  region size 1024K, 28 young (28672K), 3 survivors (3072K)
 Metaspace       used 55746K, committed 56192K, reserved 1114112K
  class space    used 6884K, committed 7104K, reserved 1048576K
}
Event: 4.173 GC heap after
{Heap after GC invocations=13 (full 0):
 garbage-first heap   total 91136K, used 47200K [0x00000000c0000000, 0x0000000100000000)
  region size 1024K, 3 young (3072K), 3 survivors (3072K)
 Metaspace       used 55746K, committed 56192K, reserved 1114112K
  class space    used 6884K, committed 7104K, reserved 1048576K
}
Event: 4.301 GC heap before
{Heap before GC invocations=14 (full 0):
 garbage-first heap   total 91136K, used 70752K [0x00000000c0000000, 0x0000000100000000)
  region size 1024K, 26 young (26624K), 3 survivors (3072K)
 Metaspace       used 57713K, committed 58240K, reserved 1114112K
  class space    used 7186K, committed 7424K, reserved 1048576K
}
Event: 4.304 GC heap after
{Heap after GC invocations=15 (full 0):
 garbage-first heap   total 91136K, used 49532K [0x00000000c0000000, 0x0000000100000000)
  region size 1024K, 3 young (3072K), 3 survivors (3072K)
 Metaspace       used 57713K, committed 58240K, reserved 1114112K
  class space    used 7186K, committed 7424K, reserved 1048576K
}
Event: 52.121 GC heap before
{Heap before GC invocations=15 (full 0):
 garbage-first heap   total 91136K, used 70012K [0x00000000c0000000, 0x0000000100000000)
  region size 1024K, 24 young (24576K), 3 survivors (3072K)
 Metaspace       used 60827K, committed 61376K, reserved 1114112K
  class space    used 7627K, committed 7872K, reserved 1048576K
}
Event: 52.124 GC heap after
{Heap after GC invocations=16 (full 0):
 garbage-first heap   total 91136K, used 50123K [0x00000000c0000000, 0x0000000100000000)
  region size 1024K, 2 young (2048K), 2 survivors (2048K)
 Metaspace       used 60827K, committed 61376K, reserved 1114112K
  class space    used 7627K, committed 7872K, reserved 1048576K
}
Event: 59.302 GC heap before
{Heap before GC invocations=17 (full 0):
 garbage-first heap   total 91136K, used 72651K [0x00000000c0000000, 0x0000000100000000)
  region size 1024K, 24 young (24576K), 2 survivors (2048K)
 Metaspace       used 60699K, committed 61376K, reserved 1114112K
  class space    used 7595K, committed 7872K, reserved 1048576K
}
Event: 59.304 GC heap after
{Heap after GC invocations=18 (full 0):
 garbage-first heap   total 91136K, used 52591K [0x00000000c0000000, 0x0000000100000000)
  region size 1024K, 3 young (3072K), 3 survivors (3072K)
 Metaspace       used 60699K, committed 61376K, reserved 1114112K
  class space    used 7595K, committed 7872K, reserved 1048576K
}
Event: 59.318 GC heap before
{Heap before GC invocations=18 (full 0):
 garbage-first heap   total 91136K, used 52591K [0x00000000c0000000, 0x0000000100000000)
  region size 1024K, 4 young (4096K), 3 survivors (3072K)
 Metaspace       used 60702K, committed 61376K, reserved 1114112K
  class space    used 7597K, committed 7872K, reserved 1048576K
}
Event: 59.322 GC heap after
{Heap after GC invocations=19 (full 0):
 garbage-first heap   total 91136K, used 49145K [0x00000000c0000000, 0x0000000100000000)
  region size 1024K, 1 young (1024K), 1 survivors (1024K)
 Metaspace       used 60702K, committed 61376K, reserved 1114112K
  class space    used 7597K, committed 7872K, reserved 1048576K
}
Event: 129.683 GC heap before
{Heap before GC invocations=19 (full 0):
 garbage-first heap   total 91136K, used 70649K [0x00000000c0000000, 0x0000000100000000)
  region size 1024K, 23 young (23552K), 1 survivors (1024K)
 Metaspace       used 60757K, committed 61376K, reserved 1114112K
  class space    used 7613K, committed 7872K, reserved 1048576K
}
Event: 129.684 GC heap after
{Heap after GC invocations=20 (full 0):
 garbage-first heap   total 91136K, used 51053K [0x00000000c0000000, 0x0000000100000000)
  region size 1024K, 3 young (3072K), 3 survivors (3072K)
 Metaspace       used 60757K, committed 61376K, reserved 1114112K
  class space    used 7613K, committed 7872K, reserved 1048576K
}
Event: 141.024 GC heap before
{Heap before GC invocations=21 (full 0):
 garbage-first heap   total 91136K, used 72526K [0x00000000c0000000, 0x0000000100000000)
  region size 1024K, 24 young (24576K), 3 survivors (3072K)
 Metaspace       used 60704K, committed 61376K, reserved 1114112K
  class space    used 7603K, committed 7872K, reserved 1048576K
}

